<?xml version="1.0" encoding="UTF-8"?>
<!-- Generated by org.testng.reporters.JUnitReportReporter -->
<testsuite skipped="0" hostname="DESKTOP-7A3HSGR" name="com.banking.PageObjects.BaseClass" tests="1" failures="0" timestamp="24 Jun 2019 07:00:26 GMT" time="6.126" errors="0">
  <testcase name="setup" time="6.126" classname="com.banking.PageObjects.BaseClass"/>
</testsuite> <!-- com.banking.PageObjects.BaseClass -->
