<?xml version="1.0" encoding="UTF-8"?>
<!-- Generated by org.testng.reporters.JUnitReportReporter -->
<testsuite skipped="0" hostname="DESKTOP-7A3HSGR" name="com.banking.TestCases.TC_LoginTest_001" tests="2" failures="0" timestamp="24 Jun 2019 16:53:02 GMT" time="1.903" errors="0">
  <testcase name="verifyPageTitle" time="0.012" classname="com.banking.TestCases.TC_LoginTest_001"/>
  <testcase name="validLoginTest" time="1.891" classname="com.banking.TestCases.TC_LoginTest_001"/>
</testsuite> <!-- com.banking.TestCases.TC_LoginTest_001 -->
