<?xml version="1.0" encoding="UTF-8"?>
<!-- Generated by org.testng.reporters.JUnitReportReporter -->
<testsuite skipped="0" hostname="DESKTOP-7A3HSGR" name="com.banking.TestCases.TC_LoginTest_001" tests="2" failures="0" timestamp="24 Jun 2019 14:06:05 GMT" time="1.937" errors="0">
  <testcase name="verifyPageTitle" time="0.013" classname="com.banking.TestCases.TC_LoginTest_001"/>
  <testcase name="validLoginTest" time="1.924" classname="com.banking.TestCases.TC_LoginTest_001"/>
</testsuite> <!-- com.banking.TestCases.TC_LoginTest_001 -->
