<?xml version="1.0" encoding="UTF-8"?>
<!-- Generated by org.testng.reporters.JUnitReportReporter -->
<testsuite hostname="DESKTOP-7A3HSGR" failures="0" tests="2" name="com.banking.TestCases.TC_LoginTest_001" time="2.510" errors="0" timestamp="24 Jun 2019 20:20:31 GMT" skipped="0">
  <testcase classname="com.banking.TestCases.TC_LoginTest_001" name="validLoginTest" time="2.500"/>
  <testcase classname="com.banking.TestCases.TC_LoginTest_001" name="verifyPageTitle" time="0.010"/>
</testsuite> <!-- com.banking.TestCases.TC_LoginTest_001 -->
